<?xml version="1.0" encoding="UTF-8"?>
<!-- Generated by org.testng.reporters.JUnitXMLReporter -->
<testsuite ignored="0" hostname="Yaminis-MacBook-Air.local" failures="0" tests="5" name="Default test" time="25.115" errors="0" timestamp="2022-06-12T20:58:24 PDT">
  <testcase classname="com.test.tests.TekArchApiTestScriptE2E" name="TC_001_validLogin" time="6.227"/>
  <testcase classname="com.test.tests.TekArchApiTestScriptE2E" name="TC_002_addUserData" time="3.241"/>
  <testcase classname="com.test.tests.TekArchApiTestScriptE2E" name="TC_003_getUserData" time="5.577"/>
  <testcase classname="com.test.tests.TekArchApiTestScriptE2E" name="TC_004_updateUserData" time="3.94"/>
  <testcase classname="com.test.tests.TekArchApiTestScriptE2E" name="TC_005_deleteUserData" time="3.215"/>
</testsuite> <!-- Default test -->
